#
# A fatal error has been detected by the Java Runtime Environment:
#
#  Internal Error (javaClasses.cpp:126), pid=5108, tid=5140
#  fatal error: Invalid layout of preloaded class
#
# JRE version:  (8.0_20-b26) (build )
# Java VM: Java HotSpot(TM) Client VM (25.20-b23 mixed mode windows-x86 )
# Failed to write core dump. Minidumps are not enabled by default on client versions of Windows
#
# If you would like to submit a bug report, please visit:
#   http://bugreport.sun.com/bugreport/crash.jsp
#

---------------  T H R E A D  ---------------

Current thread (0x001dc000):  JavaThread "Unknown thread" [_thread_in_vm, id=5140, stack(0x00180000,0x001d0000)]

Stack: [0x00180000,0x001d0000],  sp=0x001cf460,  free space=317k
Native frames: (J=compiled Java code, j=interpreted, Vv=VM code, C=native code)
V  [jvm.dll+0x196ccb]
V  [jvm.dll+0x18fc56]
V  [jvm.dll+0x3b52a]
V  [jvm.dll+0x3b6e0]
V  [jvm.dll+0x4a2a3]
V  [jvm.dll+0x9d44e]
V  [jvm.dll+0x9d712]
V  [jvm.dll+0x144f11]
V  [jvm.dll+0x168e48]
V  [jvm.dll+0xda6d1]
C  [javaw.exe+0x13e4]
C  [javaw.exe+0x1eb7]
C  [javaw.exe+0xaba1]
C  [javaw.exe+0xac2b]
C  [kernel32.dll+0x4ed6c]
C  [ntdll.dll+0x6377b]
C  [ntdll.dll+0x6374e]
C  0x00000000


---------------  P R O C E S S  ---------------

Java Threads: ( => current thread )

Other Threads:

=>0x001dc000 (exited) JavaThread "Unknown thread" [_thread_in_vm, id=5140, stack(0x00180000,0x001d0000)]

VM state:not at safepoint (not fully initialized)

VM Mutex/Monitor currently owned by a thread: None

GC Heap History (0 events):
No events

Deoptimization events (0 events):
No events

Internal exceptions (0 events):
No events

Events (10 events):
Event: 0.011 loading class java/lang/CharSequence done
Event: 0.012 loading class java/lang/String done
Event: 0.012 loading class java/lang/Class
Event: 0.012 loading class java/lang/reflect/AnnotatedElement
Event: 0.012 loading class java/lang/reflect/AnnotatedElement done
Event: 0.012 loading class java/lang/reflect/GenericDeclaration
Event: 0.012 loading class java/lang/reflect/GenericDeclaration done
Event: 0.012 loading class java/lang/reflect/Type
Event: 0.012 loading class java/lang/reflect/Type done
Event: 0.012 loading class java/lang/Class done


Dynamic libraries:
0x013b0000 - 0x013e0000 	C:\Program Files\Java\jre1.8.0_20\bin\javaw.exe
0x77920000 - 0x77a5c000 	C:\Windows\SYSTEM32\ntdll.dll
0x76e10000 - 0x76ee4000 	C:\Windows\system32\kernel32.dll
0x75c20000 - 0x75c6b000 	C:\Windows\system32\KERNELBASE.dll
0x77550000 - 0x775f0000 	C:\Windows\system32\ADVAPI32.dll
0x77750000 - 0x777fc000 	C:\Windows\system32\msvcrt.dll
0x77b00000 - 0x77b19000 	C:\Windows\SYSTEM32\sechost.dll
0x772f0000 - 0x77391000 	C:\Windows\system32\RPCRT4.dll
0x76ef0000 - 0x76fb9000 	C:\Windows\system32\USER32.dll
0x76dc0000 - 0x76e0e000 	C:\Windows\system32\GDI32.dll
0x77a60000 - 0x77a6a000 	C:\Windows\system32\LPK.dll
0x76d20000 - 0x76dbd000 	C:\Windows\system32\USP10.dll
0x74990000 - 0x74b2e000 	C:\Windows\WinSxS\x86_microsoft.windows.common-controls_6595b64144ccf1df_6.0.7601.17514_none_41e6975e2bd6f2b2\COMCTL32.dll
0x77aa0000 - 0x77af7000 	C:\Windows\system32\SHLWAPI.dll
0x75e90000 - 0x75eaf000 	C:\Windows\system32\IMM32.DLL
0x77080000 - 0x7714c000 	C:\Windows\system32\MSCTF.dll
0x69660000 - 0x6971f000 	C:\Program Files\Java\jre1.8.0_20\bin\msvcr100.dll
0x66a80000 - 0x66e22000 	C:\Program Files\Java\jre1.8.0_20\bin\client\jvm.dll
0x71a10000 - 0x71a17000 	C:\Windows\system32\WSOCK32.dll
0x76fc0000 - 0x76ff5000 	C:\Windows\system32\WS2_32.dll
0x77a90000 - 0x77a96000 	C:\Windows\system32\NSI.dll
0x741f0000 - 0x74222000 	C:\Windows\system32\WINMM.dll
0x77a80000 - 0x77a85000 	C:\Windows\system32\PSAPI.DLL
0x73df0000 - 0x73dfc000 	C:\Program Files\Java\jre1.8.0_20\bin\verify.dll
0x72900000 - 0x72921000 	C:\Program Files\Java\jre1.8.0_20\bin\java.dll
0x73cc0000 - 0x73cd3000 	C:\Program Files\Java\jre1.8.0_20\bin\zip.dll
0x6fa10000 - 0x6fafb000 	C:\Windows\system32\dbghelp.dll

VM Arguments:
jvm_args: -Dfile.encoding=MS950 -Xbootclasspath:C:\Android\adt-bundle-windows-x86-20140702\sdk\platforms\android-15\android.jar;C:\Android\adt-bundle-windows-x86-20140702\sdk\add-ons\addon_open_nfc_4.4.1_android_4.0.3\libs\OpenNFCLibrary.jar;C:\Android\adt-bundle-windows-x86-20140702\sdk\add-ons\addon_open_nfc_4.4.1_android_4.0.3\libs\OpenNFCService.jar 
java_command: com.example.nfcdemo.Test
java_class_path (initial): C:\Android\adt-bundle-windows-x86-20140702\eclipse\workspace\NFCDemo\bin\classes;C:\Android\adt-bundle-windows-x86-20140702\eclipse\workspace\appcompat_v7\libs\android-support-v4.jar;C:\Android\adt-bundle-windows-x86-20140702\eclipse\workspace\NFCDemo\libs\com.google.guava-all-1.0.3.release.jar;C:\Android\adt-bundle-windows-x86-20140702\eclipse\workspace\appcompat_v7\libs\android-support-v7-appcompat.jar;C:\Android\adt-bundle-windows-x86-20140702\eclipse\workspace\appcompat_v7\bin\appcompat_v7.jar;C:\Android\adt-bundle-windows-x86-20140702\sdk\tools\support\annotations.jar
Launcher Type: SUN_STANDARD

Environment Variables:
PATH=C:/Program Files/Java/jre1.8.0_20/bin/client;C:/Program Files/Java/jre1.8.0_20/bin;C:/Program Files/Java/jre1.8.0_20/lib/i386;C:\ProgramData\Oracle\Java\javapath;C:\Windows\system32;C:\Windows;C:\Windows\System32\Wbem;C:\Windows\System32\WindowsPowerShell\v1.0\;C:\Program Files\Microsoft SQL Server\100\Tools\Binn\;C:\Program Files\Microsoft SQL Server\100\DTS\Binn\;C:\Program Files\Microsoft SQL Server\100\Tools\Binn\VSShell\Common7\IDE\;C:\Android\adt-bundle-windows-x86-20140702\sdk\platform-tools;C:\Android\adt-bundle-windows-x86-20140702\sdk\tools;C:\Android\adt-bundle-windows-x86-20140702\eclipse;
USERNAME=Root
OS=Windows_NT
PROCESSOR_IDENTIFIER=x86 Family 6 Model 23 Stepping 10, GenuineIntel



---------------  S Y S T E M  ---------------

OS: Windows 7 Build 7601 Service Pack 1

CPU:total 2 (2 cores per cpu, 1 threads per core) family 6 model 23 stepping 10, cmov, cx8, fxsr, mmx, sse, sse2, sse3, ssse3, sse4.1, tsc

Memory: 4k page, physical 1832056k(154948k free), swap 3664112k(869212k free)

vm_info: Java HotSpot(TM) Client VM (25.20-b23) for windows-x86 JRE (1.8.0_20-b26), built on Jul 30 2014 18:14:41 by "java_re" with MS VC++ 10.0 (VS2010)

time: Thu Oct 23 14:11:37 2014
elapsed time: 0 seconds (0d 0h 0m 0s)

